2025-02-26T00:17:22.867+05:30  INFO 15872 --- [PVault] [restartedMain] com.example.PVault.PVaultApplication     : Starting PVaultApplication using Java 21.0.1 with PID 15872 (C:\Spring_Boot_Project-Microservice\Other\PVault\target\classes started by Jeet in C:\Spring_Boot_Project-Microservice\Other\PVault)
2025-02-26T00:17:22.892+05:30  INFO 15872 --- [PVault] [restartedMain] com.example.PVault.PVaultApplication     : No active profile set, falling back to 1 default profile: "default"
2025-02-26T00:17:22.988+05:30  INFO 15872 --- [PVault] [restartedMain] .e.DevToolsPropertyDefaultsPostProcessor : Devtools property defaults active! Set 'spring.devtools.add-properties' to 'false' to disable
2025-02-26T00:17:22.988+05:30  INFO 15872 --- [PVault] [restartedMain] .e.DevToolsPropertyDefaultsPostProcessor : For additional web related logging consider setting the 'logging.level.web' property to 'DEBUG'
2025-02-26T00:17:24.319+05:30  INFO 15872 --- [PVault] [restartedMain] .s.d.r.c.RepositoryConfigurationDelegate : Bootstrapping Spring Data JPA repositories in DEFAULT mode.
2025-02-26T00:17:24.438+05:30  INFO 15872 --- [PVault] [restartedMain] .s.d.r.c.RepositoryConfigurationDelegate : Finished Spring Data repository scanning in 96 ms. Found 2 JPA repository interfaces.
2025-02-26T00:17:25.540+05:30  INFO 15872 --- [PVault] [restartedMain] o.s.b.w.embedded.tomcat.TomcatWebServer  : Tomcat initialized with port 8080 (http)
2025-02-26T00:17:25.569+05:30  INFO 15872 --- [PVault] [restartedMain] o.apache.catalina.core.StandardService   : Starting service [Tomcat]
2025-02-26T00:17:25.570+05:30  INFO 15872 --- [PVault] [restartedMain] o.apache.catalina.core.StandardEngine    : Starting Servlet engine: [Apache Tomcat/10.1.34]
2025-02-26T00:17:25.660+05:30  INFO 15872 --- [PVault] [restartedMain] o.a.c.c.C.[Tomcat].[localhost].[/]       : Initializing Spring embedded WebApplicationContext
2025-02-26T00:17:25.661+05:30  INFO 15872 --- [PVault] [restartedMain] w.s.c.ServletWebServerApplicationContext : Root WebApplicationContext: initialization completed in 2671 ms
2025-02-26T00:17:25.870+05:30  INFO 15872 --- [PVault] [restartedMain] com.zaxxer.hikari.HikariDataSource       : HikariPool-1 - Starting...
2025-02-26T00:17:26.236+05:30  INFO 15872 --- [PVault] [restartedMain] com.zaxxer.hikari.pool.HikariPool        : HikariPool-1 - Added connection com.mysql.cj.jdbc.ConnectionImpl@63b28497
2025-02-26T00:17:26.239+05:30  INFO 15872 --- [PVault] [restartedMain] com.zaxxer.hikari.HikariDataSource       : HikariPool-1 - Start completed.
2025-02-26T00:17:26.339+05:30  INFO 15872 --- [PVault] [restartedMain] o.hibernate.jpa.internal.util.LogHelper  : HHH000204: Processing PersistenceUnitInfo [name: default]
2025-02-26T00:17:26.459+05:30  INFO 15872 --- [PVault] [restartedMain] org.hibernate.Version                    : HHH000412: Hibernate ORM core version 6.6.4.Final
2025-02-26T00:17:26.522+05:30  INFO 15872 --- [PVault] [restartedMain] o.h.c.internal.RegionFactoryInitiator    : HHH000026: Second-level cache disabled
2025-02-26T00:17:27.023+05:30  INFO 15872 --- [PVault] [restartedMain] o.s.o.j.p.SpringPersistenceUnitInfo      : No LoadTimeWeaver setup: ignoring JPA class transformer
2025-02-26T00:17:27.244+05:30  INFO 15872 --- [PVault] [restartedMain] org.hibernate.orm.connections.pooling    : HHH10001005: Database info:
	Database JDBC URL [Connecting through datasource 'HikariDataSource (HikariPool-1)']
	Database driver: undefined/unknown
	Database version: 8.0.35
	Autocommit mode: undefined/unknown
	Isolation level: undefined/unknown
	Minimum pool size: undefined/unknown
	Maximum pool size: undefined/unknown
2025-02-26T00:17:28.831+05:30  INFO 15872 --- [PVault] [restartedMain] o.h.e.t.j.p.i.JtaPlatformInitiator       : HHH000489: No JTA platform available (set 'hibernate.transaction.jta.platform' to enable JTA platform integration)
2025-02-26T00:17:28.838+05:30  INFO 15872 --- [PVault] [restartedMain] j.LocalContainerEntityManagerFactoryBean : Initialized JPA EntityManagerFactory for persistence unit 'default'
2025-02-26T00:17:29.433+05:30  INFO 15872 --- [PVault] [restartedMain] o.s.d.j.r.query.QueryEnhancerFactory     : Hibernate is in classpath; If applicable, HQL parser will be used.
2025-02-26T00:17:29.610+05:30  WARN 15872 --- [PVault] [restartedMain] JpaBaseConfiguration$JpaWebConfiguration : spring.jpa.open-in-view is enabled by default. Therefore, database queries may be performed during view rendering. Explicitly configure spring.jpa.open-in-view to disable this warning
2025-02-26T00:17:29.649+05:30  WARN 15872 --- [PVault] [restartedMain] .s.s.UserDetailsServiceAutoConfiguration : 

Using generated security password: 3c053851-dd99-4e14-a753-22a86f9d3850

This generated password is for development use only. Your security configuration must be updated before running your application in production.

2025-02-26T00:17:29.666+05:30  INFO 15872 --- [PVault] [restartedMain] r$InitializeUserDetailsManagerConfigurer : Global AuthenticationManager configured with UserDetailsService bean with name inMemoryUserDetailsManager
2025-02-26T00:17:30.808+05:30  INFO 15872 --- [PVault] [restartedMain] o.s.b.d.a.OptionalLiveReloadServer       : LiveReload server is running on port 35729
2025-02-26T00:17:30.878+05:30  INFO 15872 --- [PVault] [restartedMain] o.s.b.w.embedded.tomcat.TomcatWebServer  : Tomcat started on port 8080 (http) with context path '/'
2025-02-26T00:17:30.896+05:30  INFO 15872 --- [PVault] [restartedMain] com.example.PVault.PVaultApplication     : Started PVaultApplication in 8.789 seconds (process running for 9.612)
2025-02-26T00:18:15.861+05:30  INFO 15872 --- [PVault] [http-nio-8080-exec-1] o.a.c.c.C.[Tomcat].[localhost].[/]       : Initializing Spring DispatcherServlet 'dispatcherServlet'
2025-02-26T00:18:15.861+05:30  INFO 15872 --- [PVault] [http-nio-8080-exec-1] o.s.web.servlet.DispatcherServlet        : Initializing Servlet 'dispatcherServlet'
2025-02-26T00:18:15.871+05:30  INFO 15872 --- [PVault] [http-nio-8080-exec-1] o.s.web.servlet.DispatcherServlet        : Completed initialization in 0 ms
